<?xml version="1.0" encoding="UTF-8"?>
<!-- Generated by org.testng.reporters.JUnitReportReporter -->
<testsuite hostname="LAPTOP-E4HH55MS" failures="0" tests="1" name="testng.ParallelTest2" time="17.220" errors="0" timestamp="2022-11-01T15:47:07 PDT" skipped="0">
  <testcase classname="testng.ParallelTest2" name="LoginTest" time="17.220"/>
  <system-out/>
</testsuite> <!-- testng.ParallelTest2 -->
