<?xml version="1.0" encoding="UTF-8"?>
<!-- Generated by org.testng.reporters.JUnitReportReporter -->
<testsuite hostname="LAPTOP-E4HH55MS" failures="0" tests="6" name="testng.InvocationCount" time="0.096" errors="0" timestamp="2022-11-01T07:57:07 PDT" skipped="0">
  <testcase classname="testng.InvocationCount" name="Test01" time="0.015"/>
  <system-out/>
  <testcase classname="testng.InvocationCount" name="Test01" time="0.017"/>
  <system-out/>
  <testcase classname="testng.InvocationCount" name="Test01" time="0.015"/>
  <system-out/>
  <testcase classname="testng.InvocationCount" name="Test01" time="0.016"/>
  <system-out/>
  <testcase classname="testng.InvocationCount" name="Test01" time="0.017"/>
  <system-out/>
  <testcase classname="testng.InvocationCount" name="Test01" time="0.016"/>
  <system-out/>
</testsuite> <!-- testng.InvocationCount -->
