<?xml version="1.0" encoding="UTF-8"?>
<!-- Generated by org.testng.reporters.JUnitReportReporter -->
<testsuite hostname="LAPTOP-E4HH55MS" failures="0" tests="2" name="testng.Paralleltest1" time="21.997" errors="0" timestamp="2022-11-01T15:47:07 PDT" skipped="0">
  <testcase classname="testng.Paralleltest1" name="homePageTitle" time="12.519"/>
  <system-out/>
  <testcase classname="testng.Paralleltest1" name="logoTest" time="9.478"/>
  <system-out/>
</testsuite> <!-- testng.Paralleltest1 -->
